[NX v21.1.2 Daemon Server] - 2025-07-07T17:54:51.220Z - Started listening on: /var/folders/r3/qpqr03qj2mj8p4_k5ry4rbvw0000gn/T/cb23c959873bd3a041fd/d.sock
[NX v21.1.2 Daemon Server] - 2025-07-07T17:54:51.226Z - [WATCHER]: Subscribed to changes within: /Users/kaaboeld/Documents/pets/orchestrator-library-ui (native)
[NX v21.1.2 Daemon Server] - 2025-07-07T17:54:51.238Z - Established a connection. Number of open connections: 1
[NX v21.1.2 Daemon Server] - 2025-07-07T17:54:51.241Z - Established a connection. Number of open connections: 2
[NX v21.1.2 Daemon Server] - 2025-07-07T17:54:51.273Z - Closed a connection. Number of open connections: 1
[NX v21.1.2 Daemon Server] - 2025-07-07T17:54:51.277Z - [REQUEST]: Client Request for Project Graph Received
[NX v21.1.2 Daemon Server] - 2025-07-07T17:54:51.308Z - Time taken for 'loadSpecifiedNxPlugins' 2.9121249999999463ms
[NX v21.1.2 Daemon Server] - 2025-07-07T17:54:52.270Z - Time taken for 'Load Nx Plugin: /Users/kaaboeld/Documents/pets/orchestrator-library-ui/node_modules/.pnpm/nx@21.1.2_@swc-node+register@1.9.2_@swc+core@1.5.29_@swc+helpers@0.5.17__@swc+types@0.1_21b9a415ea7366ffdb2015bfdb6ee6d4/node_modules/nx/src/plugins/project-json/build-nodes/project-json' 982.114458ms
[NX v21.1.2 Daemon Server] - 2025-07-07T17:54:52.275Z - Time taken for 'Load Nx Plugin: /Users/kaaboeld/Documents/pets/orchestrator-library-ui/node_modules/.pnpm/nx@21.1.2_@swc-node+register@1.9.2_@swc+core@1.5.29_@swc+helpers@0.5.17__@swc+types@0.1_21b9a415ea7366ffdb2015bfdb6ee6d4/node_modules/nx/src/plugins/package-json' 988.3608750000001ms
[NX v21.1.2 Daemon Server] - 2025-07-07T17:54:52.295Z - [REQUEST]: Updated workspace context based on watched changes, recomputing project graph...
[NX v21.1.2 Daemon Server] - 2025-07-07T17:54:52.296Z - [REQUEST]: 
[NX v21.1.2 Daemon Server] - 2025-07-07T17:54:52.296Z - [REQUEST]: 
[NX v21.1.2 Daemon Server] - 2025-07-07T17:54:52.363Z - Time taken for 'loadDefaultNxPlugins' 1007.362709ms
[NX v21.1.2 Daemon Server] - 2025-07-07T17:54:54.897Z - Time taken for 'build-project-configs' 2526.7616669999998ms
[NX v21.1.2 Daemon Server] - 2025-07-07T17:54:55.402Z - [SYNC]: collect registered sync generators
[NX v21.1.2 Daemon Server] - 2025-07-07T17:54:55.406Z - [REQUEST]: Responding to the client. project-graph
[NX v21.1.2 Daemon Server] - 2025-07-07T17:54:55.412Z - Time taken for 'total for creating and serializing project graph' 4129.420667ms
[NX v21.1.2 Daemon Server] - 2025-07-07T17:54:55.427Z - Done responding to the client project-graph
[NX v21.1.2 Daemon Server] - 2025-07-07T17:54:55.427Z - Handled REQUEST_PROJECT_GRAPH. Handling time: 4130. Response time: 21.
[NX v21.1.2 Daemon Server] - 2025-07-07T17:54:55.450Z - [REQUEST]: Responding to the client. handleRunPreTasksExecution
[NX v21.1.2 Daemon Server] - 2025-07-07T17:54:55.450Z - Done responding to the client handleRunPreTasksExecution
[NX v21.1.2 Daemon Server] - 2025-07-07T17:54:55.450Z - Handled PRE_TASKS_EXECUTION. Handling time: 2. Response time: 0.
[NX v21.1.2 Daemon Server] - 2025-07-07T17:54:55.450Z - Time taken for 'preTasksExecution' 1.3922499999998763ms
[NX v21.1.2 Daemon Server] - 2025-07-07T17:54:56.050Z - [REQUEST]: Responding to the client. handleHashTasks
[NX v21.1.2 Daemon Server] - 2025-07-07T17:54:56.074Z - Done responding to the client handleHashTasks
[NX v21.1.2 Daemon Server] - 2025-07-07T17:54:56.075Z - Handled HASH_TASKS. Handling time: 258. Response time: 25.
[NX v21.1.2 Daemon Server] - 2025-07-07T17:54:58.062Z - [REQUEST]: Responding to the client. handleGetEstimatedTaskTimings
[NX v21.1.2 Daemon Server] - 2025-07-07T17:54:58.064Z - Done responding to the client handleGetEstimatedTaskTimings
[NX v21.1.2 Daemon Server] - 2025-07-07T17:54:58.064Z - Handled GET_ESTIMATED_TASK_TIMINGS. Handling time: 171. Response time: 2.
[NX v21.1.2 Daemon Server] - 2025-07-07T17:55:02.292Z - [WATCHER]: Processing file changes in outputs
[NX v21.1.2 Daemon Server] - 2025-07-07T17:55:02.502Z - [WATCHER]: Processing file changes in outputs
[NX v21.1.2 Daemon Server] - 2025-07-07T17:55:02.717Z - [WATCHER]: Processing file changes in outputs
[NX v21.1.2 Daemon Server] - 2025-07-07T17:55:07.387Z - [WATCHER]: Processing file changes in outputs
[NX v21.1.2 Daemon Server] - 2025-07-07T17:55:07.468Z - [WATCHER]: Processing file changes in outputs
[NX v21.1.2 Daemon Server] - 2025-07-07T17:55:07.571Z - [WATCHER]: Processing file changes in outputs
[NX v21.1.2 Daemon Server] - 2025-07-07T17:55:07.624Z - [WATCHER]: Processing file changes in outputs
[NX v21.1.2 Daemon Server] - 2025-07-07T17:55:07.637Z - [REQUEST]: Responding to the client. recordOutputsHash
[NX v21.1.2 Daemon Server] - 2025-07-07T17:55:07.637Z - Done responding to the client recordOutputsHash
[NX v21.1.2 Daemon Server] - 2025-07-07T17:55:07.637Z - Handled RECORD_OUTPUTS_HASH. Handling time: 9. Response time: 0.
[NX v21.1.2 Daemon Server] - 2025-07-07T17:55:07.707Z - [WATCHER]: Processing file changes in outputs
[NX v21.1.2 Daemon Server] - 2025-07-07T17:55:07.859Z - [WATCHER]: Processing file changes in outputs
[NX v21.1.2 Daemon Server] - 2025-07-07T17:55:07.911Z - [WATCHER]: Processing file changes in outputs
[NX v21.1.2 Daemon Server] - 2025-07-07T17:55:07.967Z - [REQUEST]: Responding to the client. recordOutputsHash
[NX v21.1.2 Daemon Server] - 2025-07-07T17:55:07.967Z - Done responding to the client recordOutputsHash
[NX v21.1.2 Daemon Server] - 2025-07-07T17:55:07.967Z - Handled RECORD_OUTPUTS_HASH. Handling time: 5. Response time: 0.
[NX v21.1.2 Daemon Server] - 2025-07-07T17:55:07.979Z - [WATCHER]: Processing file changes in outputs
[NX v21.1.2 Daemon Server] - 2025-07-07T17:55:08.034Z - [WATCHER]: Processing file changes in outputs
[NX v21.1.2 Daemon Server] - 2025-07-07T17:55:08.099Z - [WATCHER]: Processing file changes in outputs
[NX v21.1.2 Daemon Server] - 2025-07-07T17:55:08.169Z - [REQUEST]: Responding to the client. recordOutputsHash
[NX v21.1.2 Daemon Server] - 2025-07-07T17:55:08.169Z - Done responding to the client recordOutputsHash
[NX v21.1.2 Daemon Server] - 2025-07-07T17:55:08.169Z - Handled RECORD_OUTPUTS_HASH. Handling time: 6. Response time: 0.
[NX v21.1.2 Daemon Server] - 2025-07-07T17:55:08.179Z - [WATCHER]: Processing file changes in outputs
[NX v21.1.2 Daemon Server] - 2025-07-07T17:55:08.231Z - [WATCHER]: Processing file changes in outputs
[NX v21.1.2 Daemon Server] - 2025-07-07T17:55:15.097Z - [WATCHER]: Processing file changes in outputs
[NX v21.1.2 Daemon Server] - 2025-07-07T17:55:20.196Z - [WATCHER]: Processing file changes in outputs
[NX v21.1.2 Daemon Server] - 2025-07-07T17:55:20.258Z - [WATCHER]: Processing file changes in outputs
[NX v21.1.2 Daemon Server] - 2025-07-07T17:55:20.325Z - [WATCHER]: Processing file changes in outputs
[NX v21.1.2 Daemon Server] - 2025-07-07T17:55:20.374Z - [REQUEST]: Responding to the client. recordOutputsHash
[NX v21.1.2 Daemon Server] - 2025-07-07T17:55:20.376Z - Done responding to the client recordOutputsHash
[NX v21.1.2 Daemon Server] - 2025-07-07T17:55:20.376Z - Handled RECORD_OUTPUTS_HASH. Handling time: 6. Response time: 2.
[NX v21.1.2 Daemon Server] - 2025-07-07T17:55:20.439Z - [WATCHER]: Processing file changes in outputs
[NX v21.1.2 Daemon Server] - 2025-07-07T17:55:20.880Z - [WATCHER]: Processing file changes in outputs
[NX v21.1.2 Daemon Server] - 2025-07-07T17:55:20.945Z - [WATCHER]: Processing file changes in outputs
[NX v21.1.2 Daemon Server] - 2025-07-07T17:55:21.012Z - [WATCHER]: Processing file changes in outputs
[NX v21.1.2 Daemon Server] - 2025-07-07T17:55:21.066Z - [WATCHER]: Processing file changes in outputs
[NX v21.1.2 Daemon Server] - 2025-07-07T17:55:21.100Z - [REQUEST]: Responding to the client. recordOutputsHash
[NX v21.1.2 Daemon Server] - 2025-07-07T17:55:21.101Z - Done responding to the client recordOutputsHash
[NX v21.1.2 Daemon Server] - 2025-07-07T17:55:21.101Z - Handled RECORD_OUTPUTS_HASH. Handling time: 3. Response time: 1.
[NX v21.1.2 Daemon Server] - 2025-07-07T17:55:21.163Z - [WATCHER]: Processing file changes in outputs
[NX v21.1.2 Daemon Server] - 2025-07-07T17:55:22.636Z - [WATCHER]: Processing file changes in outputs
[NX v21.1.2 Daemon Server] - 2025-07-07T17:55:22.716Z - [WATCHER]: Processing file changes in outputs
[NX v21.1.2 Daemon Server] - 2025-07-07T17:55:22.801Z - [WATCHER]: Processing file changes in outputs
[NX v21.1.2 Daemon Server] - 2025-07-07T17:55:22.854Z - [WATCHER]: Processing file changes in outputs
[NX v21.1.2 Daemon Server] - 2025-07-07T17:55:22.928Z - [WATCHER]: Processing file changes in outputs
[NX v21.1.2 Daemon Server] - 2025-07-07T17:55:22.984Z - [WATCHER]: Processing file changes in outputs
[NX v21.1.2 Daemon Server] - 2025-07-07T17:55:23.043Z - [WATCHER]: Processing file changes in outputs
[NX v21.1.2 Daemon Server] - 2025-07-07T17:55:23.068Z - [REQUEST]: Responding to the client. recordOutputsHash
[NX v21.1.2 Daemon Server] - 2025-07-07T17:55:23.068Z - Done responding to the client recordOutputsHash
[NX v21.1.2 Daemon Server] - 2025-07-07T17:55:23.069Z - Handled RECORD_OUTPUTS_HASH. Handling time: 3. Response time: 1.
[NX v21.1.2 Daemon Server] - 2025-07-07T17:55:23.132Z - [WATCHER]: Processing file changes in outputs
[NX v21.1.2 Daemon Server] - 2025-07-07T17:55:32.472Z - [WATCHER]: Processing file changes in outputs
[NX v21.1.2 Daemon Server] - 2025-07-07T17:55:38.675Z - [WATCHER]: Processing file changes in outputs
[NX v21.1.2 Daemon Server] - 2025-07-07T17:55:38.761Z - [WATCHER]: Processing file changes in outputs
[NX v21.1.2 Daemon Server] - 2025-07-07T17:55:38.854Z - [WATCHER]: Processing file changes in outputs
[NX v21.1.2 Daemon Server] - 2025-07-07T17:55:38.921Z - [WATCHER]: Processing file changes in outputs
[NX v21.1.2 Daemon Server] - 2025-07-07T17:55:38.979Z - [WATCHER]: Processing file changes in outputs
[NX v21.1.2 Daemon Server] - 2025-07-07T17:55:39.046Z - [WATCHER]: Processing file changes in outputs
[NX v21.1.2 Daemon Server] - 2025-07-07T17:55:39.100Z - [WATCHER]: Processing file changes in outputs
[NX v21.1.2 Daemon Server] - 2025-07-07T17:55:39.161Z - [WATCHER]: Processing file changes in outputs
[NX v21.1.2 Daemon Server] - 2025-07-07T17:55:39.196Z - [REQUEST]: Responding to the client. recordOutputsHash
[NX v21.1.2 Daemon Server] - 2025-07-07T17:55:39.196Z - Done responding to the client recordOutputsHash
[NX v21.1.2 Daemon Server] - 2025-07-07T17:55:39.196Z - Handled RECORD_OUTPUTS_HASH. Handling time: 5. Response time: 0.
[NX v21.1.2 Daemon Server] - 2025-07-07T17:55:39.253Z - [WATCHER]: Processing file changes in outputs
[NX v21.1.2 Daemon Server] - 2025-07-07T17:55:39.324Z - [WATCHER]: Processing file changes in outputs
[NX v21.1.2 Daemon Server] - 2025-07-07T17:55:39.377Z - [WATCHER]: Processing file changes in outputs
[NX v21.1.2 Daemon Server] - 2025-07-07T17:55:39.437Z - [WATCHER]: Processing file changes in outputs
[NX v21.1.2 Daemon Server] - 2025-07-07T17:55:39.493Z - [WATCHER]: Processing file changes in outputs
[NX v21.1.2 Daemon Server] - 2025-07-07T17:55:39.533Z - [REQUEST]: Responding to the client. recordOutputsHash
[NX v21.1.2 Daemon Server] - 2025-07-07T17:55:39.533Z - Done responding to the client recordOutputsHash
[NX v21.1.2 Daemon Server] - 2025-07-07T17:55:39.533Z - Handled RECORD_OUTPUTS_HASH. Handling time: 4. Response time: 0.
[NX v21.1.2 Daemon Server] - 2025-07-07T17:55:39.592Z - [WATCHER]: Processing file changes in outputs
[NX v21.1.2 Daemon Server] - 2025-07-07T17:55:45.499Z - [WATCHER]: Processing file changes in outputs
[NX v21.1.2 Daemon Server] - 2025-07-07T17:55:45.703Z - [WATCHER]: Processing file changes in outputs
[NX v21.1.2 Daemon Server] - 2025-07-07T17:55:45.811Z - [WATCHER]: Processing file changes in outputs
[NX v21.1.2 Daemon Server] - 2025-07-07T17:55:51.125Z - [WATCHER]: Processing file changes in outputs
[NX v21.1.2 Daemon Server] - 2025-07-07T17:55:51.179Z - [WATCHER]: Processing file changes in outputs
[NX v21.1.2 Daemon Server] - 2025-07-07T17:55:51.237Z - [WATCHER]: Processing file changes in outputs
[NX v21.1.2 Daemon Server] - 2025-07-07T17:55:51.289Z - [WATCHER]: Processing file changes in outputs
[NX v21.1.2 Daemon Server] - 2025-07-07T17:55:51.331Z - [REQUEST]: Responding to the client. recordOutputsHash
[NX v21.1.2 Daemon Server] - 2025-07-07T17:55:51.333Z - Done responding to the client recordOutputsHash
[NX v21.1.2 Daemon Server] - 2025-07-07T17:55:51.333Z - Handled RECORD_OUTPUTS_HASH. Handling time: 4. Response time: 2.
[NX v21.1.2 Daemon Server] - 2025-07-07T17:55:51.427Z - [WATCHER]: Processing file changes in outputs
[NX v21.1.2 Daemon Server] - 2025-07-07T17:55:52.065Z - [WATCHER]: Processing file changes in outputs
[NX v21.1.2 Daemon Server] - 2025-07-07T17:55:52.126Z - [WATCHER]: Processing file changes in outputs
[NX v21.1.2 Daemon Server] - 2025-07-07T17:55:52.229Z - [WATCHER]: Processing file changes in outputs
[NX v21.1.2 Daemon Server] - 2025-07-07T17:55:52.288Z - [WATCHER]: Processing file changes in outputs
[NX v21.1.2 Daemon Server] - 2025-07-07T17:55:52.392Z - [WATCHER]: Processing file changes in outputs
[NX v21.1.2 Daemon Server] - 2025-07-07T17:55:52.445Z - [WATCHER]: Processing file changes in outputs
[NX v21.1.2 Daemon Server] - 2025-07-07T17:55:52.575Z - [WATCHER]: Processing file changes in outputs
[NX v21.1.2 Daemon Server] - 2025-07-07T17:55:52.598Z - [REQUEST]: Responding to the client. recordOutputsHash
[NX v21.1.2 Daemon Server] - 2025-07-07T17:55:52.599Z - Done responding to the client recordOutputsHash
[NX v21.1.2 Daemon Server] - 2025-07-07T17:55:52.599Z - Handled RECORD_OUTPUTS_HASH. Handling time: 4. Response time: 1.
[NX v21.1.2 Daemon Server] - 2025-07-07T17:55:52.684Z - [WATCHER]: Processing file changes in outputs
[NX v21.1.2 Daemon Server] - 2025-07-07T17:55:53.184Z - [WATCHER]: Processing file changes in outputs
[NX v21.1.2 Daemon Server] - 2025-07-07T17:55:53.235Z - [WATCHER]: Processing file changes in outputs
[NX v21.1.2 Daemon Server] - 2025-07-07T17:55:53.292Z - [WATCHER]: Processing file changes in outputs
[NX v21.1.2 Daemon Server] - 2025-07-07T17:55:53.351Z - [WATCHER]: Processing file changes in outputs
[NX v21.1.2 Daemon Server] - 2025-07-07T17:55:53.382Z - [REQUEST]: Responding to the client. recordOutputsHash
[NX v21.1.2 Daemon Server] - 2025-07-07T17:55:53.382Z - Done responding to the client recordOutputsHash
[NX v21.1.2 Daemon Server] - 2025-07-07T17:55:53.382Z - Handled RECORD_OUTPUTS_HASH. Handling time: 3. Response time: 0.
[NX v21.1.2 Daemon Server] - 2025-07-07T17:55:53.444Z - [WATCHER]: Processing file changes in outputs
[NX v21.1.2 Daemon Server] - 2025-07-07T17:55:56.124Z - [WATCHER]: Processing file changes in outputs
[NX v21.1.2 Daemon Server] - 2025-07-07T17:56:01.742Z - [WATCHER]: Processing file changes in outputs
[NX v21.1.2 Daemon Server] - 2025-07-07T17:56:01.879Z - [WATCHER]: Processing file changes in outputs
[NX v21.1.2 Daemon Server] - 2025-07-07T17:56:01.946Z - [WATCHER]: Processing file changes in outputs
[NX v21.1.2 Daemon Server] - 2025-07-07T17:56:02.047Z - [WATCHER]: Processing file changes in outputs
[NX v21.1.2 Daemon Server] - 2025-07-07T17:56:02.109Z - [WATCHER]: Processing file changes in outputs
[NX v21.1.2 Daemon Server] - 2025-07-07T17:56:02.164Z - [WATCHER]: Processing file changes in outputs
[NX v21.1.2 Daemon Server] - 2025-07-07T17:56:02.177Z - [REQUEST]: Responding to the client. recordOutputsHash
[NX v21.1.2 Daemon Server] - 2025-07-07T17:56:02.179Z - Done responding to the client recordOutputsHash
[NX v21.1.2 Daemon Server] - 2025-07-07T17:56:02.179Z - Handled RECORD_OUTPUTS_HASH. Handling time: 3. Response time: 2.
[NX v21.1.2 Daemon Server] - 2025-07-07T17:56:02.235Z - [WATCHER]: Processing file changes in outputs
[NX v21.1.2 Daemon Server] - 2025-07-07T17:56:04.617Z - Established a connection. Number of open connections: 2
[NX v21.1.2 Daemon Server] - 2025-07-07T17:56:04.618Z - Closed a connection. Number of open connections: 1
[NX v21.1.2 Daemon Server] - 2025-07-07T17:56:04.619Z - Established a connection. Number of open connections: 2
[NX v21.1.2 Daemon Server] - 2025-07-07T17:56:04.624Z - [REQUEST]: Client Request for Project Graph Received
[NX v21.1.2 Daemon Server] - 2025-07-07T17:56:04.625Z - [REQUEST]: Responding to the client. project-graph
[NX v21.1.2 Daemon Server] - 2025-07-07T17:56:04.630Z - Time taken for 'total for creating and serializing project graph' 0.5175000000017462ms
[NX v21.1.2 Daemon Server] - 2025-07-07T17:56:04.643Z - Done responding to the client project-graph
[NX v21.1.2 Daemon Server] - 2025-07-07T17:56:04.643Z - Handled REQUEST_PROJECT_GRAPH. Handling time: 1. Response time: 18.
[NX v21.1.2 Daemon Server] - 2025-07-07T17:56:21.266Z - [WATCHER]: Processing file changes in outputs
[NX v21.1.2 Daemon Server] - 2025-07-07T17:56:26.163Z - [WATCHER]: Processing file changes in outputs
[NX v21.1.2 Daemon Server] - 2025-07-07T17:56:51.245Z - [WATCHER]: Processing file changes in outputs
[NX v21.1.2 Daemon Server] - 2025-07-07T17:57:11.909Z - [WATCHER]: Processing file changes in outputs
[NX v21.1.2 Daemon Server] - 2025-07-07T17:57:11.961Z - [WATCHER]: Processing file changes in outputs
[NX v21.1.2 Daemon Server] - 2025-07-07T17:57:12.030Z - [WATCHER]: Processing file changes in outputs
[NX v21.1.2 Daemon Server] - 2025-07-07T17:57:12.082Z - [WATCHER]: Processing file changes in outputs
[NX v21.1.2 Daemon Server] - 2025-07-07T17:57:12.413Z - Closed a connection. Number of open connections: 1
[NX v21.1.2 Daemon Server] - 2025-07-07T17:57:12.467Z - [REQUEST]: Responding to the client. recordOutputsHash
[NX v21.1.2 Daemon Server] - 2025-07-07T17:57:12.469Z - Done responding to the client recordOutputsHash
[NX v21.1.2 Daemon Server] - 2025-07-07T17:57:12.469Z - Handled RECORD_OUTPUTS_HASH. Handling time: 24. Response time: 2.
[NX v21.1.2 Daemon Server] - 2025-07-07T17:57:12.591Z - [WATCHER]: Processing file changes in outputs
[NX v21.1.2 Daemon Server] - 2025-07-07T17:57:12.643Z - [WATCHER]: Processing file changes in outputs
[NX v21.1.2 Daemon Server] - 2025-07-07T17:57:12.694Z - [WATCHER]: Processing file changes in outputs
[NX v21.1.2 Daemon Server] - 2025-07-07T17:57:13.761Z - [REQUEST]: Responding to the client. PROCESS_IN_BACKGROUND
[NX v21.1.2 Daemon Server] - 2025-07-07T17:57:13.762Z - Done responding to the client PROCESS_IN_BACKGROUND
[NX v21.1.2 Daemon Server] - 2025-07-07T17:57:13.762Z - Handled PROCESS_IN_BACKGROUND. Handling time: 482. Response time: 1.
[NX v21.1.2 Daemon Server] - 2025-07-07T17:57:13.763Z - Uploading file artifacts
[NX v21.1.2 Daemon Server] - 2025-07-07T17:57:13.764Z - Done uploading file artifacts
[NX v21.1.2 Daemon Server] - 2025-07-07T17:57:13.764Z - Sending EndRun request
(node:95986) [DEP0169] DeprecationWarning: `url.parse()` behavior is not standardized and prone to errors that have security implications. Use the WHATWG URL API instead. CVEs are not issued for `url.parse()` vulnerabilities.
(Use `node --trace-deprecation ...` to show where the warning was created)
[NX v21.1.2 Daemon Server] - 2025-07-07T17:57:14.222Z - Error when sending EndRun
Error: This workspace is more than three days old and is not connected. Workspaces must be connected within 3 days of creation. Claim your workspace at https://cloud.nx.app
    at Timeout._onTimeout (/Users/kaaboeld/Documents/pets/orchestrator-library-ui/.nx/cache/cloud/2507.03.4/lib/daemon/process-run-end.js:1:883158)
    at process.processTicksAndRejections (node:internal/process/task_queues:105:5)
[NX v21.1.2 Daemon Server] - 2025-07-07T17:57:21.082Z - [REQUEST]: Responding to the client. handleRunPostTasksExecution
[NX v21.1.2 Daemon Server] - 2025-07-07T17:57:21.083Z - Done responding to the client handleRunPostTasksExecution
[NX v21.1.2 Daemon Server] - 2025-07-07T17:57:21.083Z - Handled POST_TASKS_EXECUTION. Handling time: 3. Response time: 1.
[NX v21.1.2 Daemon Server] - 2025-07-07T17:57:21.083Z - Time taken for 'postTasksExecution' 2.302750000002561ms
[NX v21.1.2 Daemon Server] - 2025-07-07T17:57:21.114Z - Closed a connection. Number of open connections: 0
[NX v21.1.2 Daemon Server] - 2025-07-07T18:13:10.740Z - Established a connection. Number of open connections: 1
[NX v21.1.2 Daemon Server] - 2025-07-07T18:13:10.754Z - Closed a connection. Number of open connections: 0
[NX v21.1.2 Daemon Server] - 2025-07-07T18:13:10.757Z - Established a connection. Number of open connections: 1
[NX v21.1.2 Daemon Server] - 2025-07-07T18:13:10.768Z - [REQUEST]: Client Request for Project Graph Received
[NX v21.1.2 Daemon Server] - 2025-07-07T18:13:10.769Z - [REQUEST]: Responding to the client. project-graph
[NX v21.1.2 Daemon Server] - 2025-07-07T18:13:10.774Z - Time taken for 'total for creating and serializing project graph' 0.8316250001080334ms
[NX v21.1.2 Daemon Server] - 2025-07-07T18:13:10.806Z - Done responding to the client project-graph
[NX v21.1.2 Daemon Server] - 2025-07-07T18:13:10.806Z - Handled REQUEST_PROJECT_GRAPH. Handling time: 2. Response time: 37.
[NX v21.1.2 Daemon Server] - 2025-07-07T18:13:10.826Z - [REQUEST]: Responding to the client. handleRunPreTasksExecution
[NX v21.1.2 Daemon Server] - 2025-07-07T18:13:10.826Z - Done responding to the client handleRunPreTasksExecution
[NX v21.1.2 Daemon Server] - 2025-07-07T18:13:10.826Z - Handled PRE_TASKS_EXECUTION. Handling time: 1. Response time: 0.
[NX v21.1.2 Daemon Server] - 2025-07-07T18:13:10.826Z - Time taken for 'preTasksExecution' 0.20720800012350082ms
[NX v21.1.2 Daemon Server] - 2025-07-07T18:13:11.150Z - [REQUEST]: Responding to the client. handleHashTasks
[NX v21.1.2 Daemon Server] - 2025-07-07T18:13:11.151Z - Done responding to the client handleHashTasks
[NX v21.1.2 Daemon Server] - 2025-07-07T18:13:11.152Z - Handled HASH_TASKS. Handling time: 45. Response time: 2.
[NX v21.1.2 Daemon Server] - 2025-07-07T18:13:11.927Z - [REQUEST]: Responding to the client. handleGetEstimatedTaskTimings
[NX v21.1.2 Daemon Server] - 2025-07-07T18:13:11.927Z - Done responding to the client handleGetEstimatedTaskTimings
[NX v21.1.2 Daemon Server] - 2025-07-07T18:13:11.927Z - Handled GET_ESTIMATED_TASK_TIMINGS. Handling time: 1. Response time: 0.
[NX v21.1.2 Daemon Server] - 2025-07-07T18:13:15.435Z - Established a connection. Number of open connections: 2
[NX v21.1.2 Daemon Server] - 2025-07-07T18:13:15.442Z - Established a connection. Number of open connections: 3
[NX v21.1.2 Daemon Server] - 2025-07-07T18:13:15.442Z - Closed a connection. Number of open connections: 2
[NX v21.1.2 Daemon Server] - 2025-07-07T18:13:15.443Z - [REQUEST]: Client Request for Project Graph Received
[NX v21.1.2 Daemon Server] - 2025-07-07T18:13:15.444Z - [REQUEST]: Responding to the client. project-graph
[NX v21.1.2 Daemon Server] - 2025-07-07T18:13:15.448Z - Time taken for 'total for creating and serializing project graph' 0.30662499996833503ms
[NX v21.1.2 Daemon Server] - 2025-07-07T18:13:15.478Z - Done responding to the client project-graph
[NX v21.1.2 Daemon Server] - 2025-07-07T18:13:15.479Z - Handled REQUEST_PROJECT_GRAPH. Handling time: 1. Response time: 35.
[NX v21.1.2 Daemon Server] - 2025-07-07T18:13:45.239Z - [WATCHER]: Processing file changes in outputs
[NX v21.1.2 Daemon Server] - 2025-07-07T18:13:52.400Z - [WATCHER]: Processing file changes in outputs
[NX v21.1.2 Daemon Server] - 2025-07-07T18:13:53.022Z - [WATCHER]: Processing file changes in outputs
[NX v21.1.2 Daemon Server] - 2025-07-07T18:14:07.393Z - [WATCHER]: Processing file changes in outputs
[NX v21.1.2 Daemon Server] - 2025-07-07T18:14:07.424Z - [WATCHER]: Processing file changes in outputs
[NX v21.1.2 Daemon Server] - 2025-07-07T18:14:07.491Z - [WATCHER]: Processing file changes in outputs
[NX v21.1.2 Daemon Server] - 2025-07-07T18:14:07.797Z - [WATCHER]: Processing file changes in outputs
[NX v21.1.2 Daemon Server] - 2025-07-07T18:14:07.850Z - [WATCHER]: Processing file changes in outputs
[NX v21.1.2 Daemon Server] - 2025-07-07T18:24:31.586Z - [WATCHER]: src/app/pages/details/details.component.ts was modified
[NX v21.1.2 Daemon Server] - 2025-07-07T18:24:31.589Z - [WATCHER]: Processing file changes in outputs
[NX v21.1.2 Daemon Server] - 2025-07-07T18:24:31.797Z - [REQUEST]: Updated workspace context based on watched changes, recomputing project graph...
[NX v21.1.2 Daemon Server] - 2025-07-07T18:24:31.797Z - [REQUEST]: src/app/pages/details/details.component.ts
[NX v21.1.2 Daemon Server] - 2025-07-07T18:24:31.797Z - [REQUEST]: 
[NX v21.1.2 Daemon Server] - 2025-07-07T18:24:31.887Z - [WATCHER]: src/app/pages/details/details.component.ts was modified
[NX v21.1.2 Daemon Server] - 2025-07-07T18:24:31.887Z - [WATCHER]: Processing file changes in outputs
[NX v21.1.2 Daemon Server] - 2025-07-07T18:24:31.890Z - Time taken for 'hash changed files from watcher' 26.617040999932215ms
[NX v21.1.2 Daemon Server] - 2025-07-07T18:24:32.084Z - Time taken for 'build-project-configs' 208.3044579999987ms
[NX v21.1.2 Daemon Server] - 2025-07-07T18:24:32.094Z - [REQUEST]: Updated workspace context based on watched changes, recomputing project graph...
[NX v21.1.2 Daemon Server] - 2025-07-07T18:24:32.094Z - [REQUEST]: 
[NX v21.1.2 Daemon Server] - 2025-07-07T18:24:32.094Z - [REQUEST]: 
[NX v21.1.2 Daemon Server] - 2025-07-07T18:24:32.170Z - Time taken for 'hash changed files from watcher' 4.750208999961615ms
[NX v21.1.2 Daemon Server] - 2025-07-07T18:24:32.712Z - [SYNC]: collect registered sync generators
[NX v21.1.2 Daemon Server] - 2025-07-07T18:24:32.720Z - [SYNC]: project graph hash is the same, not collecting task sync generators
[NX v21.1.2 Daemon Server] - 2025-07-07T18:24:32.720Z - [SYNC]: nx.json hash is the same, not collecting global sync generators
[NX v21.1.2 Daemon Server] - 2025-07-07T18:24:32.721Z - Time taken for 'total execution time for createProjectGraph()' 583.8212079999503ms
[NX v21.1.2 Daemon Server] - 2025-07-07T18:24:32.986Z - Time taken for 'build-project-configs' 824.7962079998106ms
[NX v21.1.2 Daemon Server] - 2025-07-07T18:24:33.962Z - [SYNC]: collect registered sync generators
[NX v21.1.2 Daemon Server] - 2025-07-07T18:24:33.967Z - [SYNC]: project graph hash is the same, not collecting task sync generators
[NX v21.1.2 Daemon Server] - 2025-07-07T18:24:33.968Z - [SYNC]: nx.json hash is the same, not collecting global sync generators
[NX v21.1.2 Daemon Server] - 2025-07-07T18:24:33.968Z - Time taken for 'total execution time for createProjectGraph()' 884.1590410000645ms
[NX v21.1.2 Daemon Server] - 2025-07-07T18:24:52.203Z - [WATCHER]: Processing file changes in outputs
[NX v21.1.2 Daemon Server] - 2025-07-07T18:25:39.702Z - Closed a connection. Number of open connections: 1
[NX v21.1.2 Daemon Server] - 2025-07-07T18:25:39.989Z - [REQUEST]: Responding to the client. recordOutputsHash
[NX v21.1.2 Daemon Server] - 2025-07-07T18:25:39.989Z - Done responding to the client recordOutputsHash
[NX v21.1.2 Daemon Server] - 2025-07-07T18:25:39.989Z - Handled RECORD_OUTPUTS_HASH. Handling time: 1. Response time: 0.
[NX v21.1.2 Daemon Server] - 2025-07-07T18:25:42.683Z - Closed a connection. Number of open connections: 0
[NX v21.1.2 Daemon Server] - 2025-07-07T18:27:45.953Z - [WATCHER]: src/app/pages/details/details.component.ts was modified
[NX v21.1.2 Daemon Server] - 2025-07-07T18:27:45.954Z - [WATCHER]: Processing file changes in outputs
[NX v21.1.2 Daemon Server] - 2025-07-07T18:27:46.356Z - [REQUEST]: Updated workspace context based on watched changes, recomputing project graph...
[NX v21.1.2 Daemon Server] - 2025-07-07T18:27:46.356Z - [REQUEST]: src/app/pages/details/details.component.ts
[NX v21.1.2 Daemon Server] - 2025-07-07T18:27:46.356Z - [REQUEST]: 
[NX v21.1.2 Daemon Server] - 2025-07-07T18:27:46.422Z - Time taken for 'hash changed files from watcher' 1.379291000077501ms
[NX v21.1.2 Daemon Server] - 2025-07-07T18:27:46.501Z - Time taken for 'build-project-configs' 105.48908299999312ms
[NX v21.1.2 Daemon Server] - 2025-07-07T18:27:46.651Z - [SYNC]: collect registered sync generators
[NX v21.1.2 Daemon Server] - 2025-07-07T18:27:46.653Z - [SYNC]: project graph hash is the same, not collecting task sync generators
[NX v21.1.2 Daemon Server] - 2025-07-07T18:27:46.653Z - [SYNC]: nx.json hash is the same, not collecting global sync generators
[NX v21.1.2 Daemon Server] - 2025-07-07T18:27:46.654Z - Time taken for 'total execution time for createProjectGraph()' 147.7623330000788ms
[NX v21.1.2 Daemon Server] - 2025-07-07T18:29:59.063Z - Established a connection. Number of open connections: 1
[NX v21.1.2 Daemon Server] - 2025-07-07T18:29:59.103Z - Closed a connection. Number of open connections: 0
[NX v21.1.2 Daemon Server] - 2025-07-07T18:29:59.104Z - Established a connection. Number of open connections: 1
[NX v21.1.2 Daemon Server] - 2025-07-07T18:29:59.113Z - [REQUEST]: Client Request for Project Graph Received
[NX v21.1.2 Daemon Server] - 2025-07-07T18:29:59.117Z - [REQUEST]: Responding to the client. project-graph
[NX v21.1.2 Daemon Server] - 2025-07-07T18:29:59.123Z - Time taken for 'total for creating and serializing project graph' 3.4725000001490116ms
[NX v21.1.2 Daemon Server] - 2025-07-07T18:29:59.250Z - Done responding to the client project-graph
[NX v21.1.2 Daemon Server] - 2025-07-07T18:29:59.250Z - Handled REQUEST_PROJECT_GRAPH. Handling time: 4. Response time: 133.
[NX v21.1.2 Daemon Server] - 2025-07-07T18:29:59.281Z - [REQUEST]: Responding to the client. handleRunPreTasksExecution
[NX v21.1.2 Daemon Server] - 2025-07-07T18:29:59.282Z - Done responding to the client handleRunPreTasksExecution
[NX v21.1.2 Daemon Server] - 2025-07-07T18:29:59.282Z - Handled PRE_TASKS_EXECUTION. Handling time: 0. Response time: 1.
[NX v21.1.2 Daemon Server] - 2025-07-07T18:29:59.282Z - Time taken for 'preTasksExecution' 0.45612500002607703ms
[NX v21.1.2 Daemon Server] - 2025-07-07T18:29:59.882Z - [REQUEST]: Responding to the client. handleHashTasks
[NX v21.1.2 Daemon Server] - 2025-07-07T18:29:59.889Z - Done responding to the client handleHashTasks
[NX v21.1.2 Daemon Server] - 2025-07-07T18:29:59.889Z - Handled HASH_TASKS. Handling time: 134. Response time: 8.
[NX v21.1.2 Daemon Server] - 2025-07-07T18:30:01.865Z - [REQUEST]: Responding to the client. handleGetEstimatedTaskTimings
[NX v21.1.2 Daemon Server] - 2025-07-07T18:30:01.865Z - Done responding to the client handleGetEstimatedTaskTimings
[NX v21.1.2 Daemon Server] - 2025-07-07T18:30:01.865Z - Handled GET_ESTIMATED_TASK_TIMINGS. Handling time: 1. Response time: 0.
[NX v21.1.2 Daemon Server] - 2025-07-07T18:30:12.923Z - Established a connection. Number of open connections: 2
[NX v21.1.2 Daemon Server] - 2025-07-07T18:30:12.925Z - Closed a connection. Number of open connections: 1
[NX v21.1.2 Daemon Server] - 2025-07-07T18:30:12.927Z - Established a connection. Number of open connections: 2
[NX v21.1.2 Daemon Server] - 2025-07-07T18:30:12.931Z - [REQUEST]: Client Request for Project Graph Received
[NX v21.1.2 Daemon Server] - 2025-07-07T18:30:12.932Z - [REQUEST]: Responding to the client. project-graph
[NX v21.1.2 Daemon Server] - 2025-07-07T18:30:12.936Z - Time taken for 'total for creating and serializing project graph' 0.6891670003533363ms
[NX v21.1.2 Daemon Server] - 2025-07-07T18:30:12.964Z - Done responding to the client project-graph
[NX v21.1.2 Daemon Server] - 2025-07-07T18:30:12.964Z - Handled REQUEST_PROJECT_GRAPH. Handling time: 1. Response time: 32.
[NX v21.1.2 Daemon Server] - 2025-07-07T18:30:31.088Z - [WATCHER]: Processing file changes in outputs
[NX v21.1.2 Daemon Server] - 2025-07-07T18:33:29.557Z - [WATCHER]: src/app/app.ts was modified
[NX v21.1.2 Daemon Server] - 2025-07-07T18:33:29.558Z - [WATCHER]: Processing file changes in outputs
[NX v21.1.2 Daemon Server] - 2025-07-07T18:33:29.659Z - [REQUEST]: Updated workspace context based on watched changes, recomputing project graph...
[NX v21.1.2 Daemon Server] - 2025-07-07T18:33:29.660Z - [REQUEST]: src/app/app.ts
[NX v21.1.2 Daemon Server] - 2025-07-07T18:33:29.660Z - [REQUEST]: 
[NX v21.1.2 Daemon Server] - 2025-07-07T18:33:29.691Z - Time taken for 'hash changed files from watcher' 1.5296249999664724ms
[NX v21.1.2 Daemon Server] - 2025-07-07T18:33:29.747Z - Time taken for 'build-project-configs' 60.29712500004098ms
[NX v21.1.2 Daemon Server] - 2025-07-07T18:33:29.844Z - [SYNC]: collect registered sync generators
[NX v21.1.2 Daemon Server] - 2025-07-07T18:33:29.845Z - [SYNC]: project graph hash is the same, not collecting task sync generators
[NX v21.1.2 Daemon Server] - 2025-07-07T18:33:29.845Z - [SYNC]: nx.json hash is the same, not collecting global sync generators
[NX v21.1.2 Daemon Server] - 2025-07-07T18:33:29.845Z - Time taken for 'total execution time for createProjectGraph()' 85.70420800009742ms
[NX v21.1.2 Daemon Server] - 2025-07-07T18:33:32.769Z - [WATCHER]: Processing file changes in outputs
[NX v21.1.2 Daemon Server] - 2025-07-07T18:34:41.924Z - [WATCHER]: Processing file changes in outputs
[NX v21.1.2 Daemon Server] - 2025-07-07T18:34:41.926Z - [WATCHER]: src/app/components/app-header/app-header.component.ts was modified
[NX v21.1.2 Daemon Server] - 2025-07-07T18:34:42.129Z - [REQUEST]: Updated workspace context based on watched changes, recomputing project graph...
[NX v21.1.2 Daemon Server] - 2025-07-07T18:34:42.129Z - [REQUEST]: src/app/components/app-header/app-header.component.ts
[NX v21.1.2 Daemon Server] - 2025-07-07T18:34:42.129Z - [REQUEST]: 
[NX v21.1.2 Daemon Server] - 2025-07-07T18:34:42.167Z - Time taken for 'hash changed files from watcher' 1.2253339998424053ms
[NX v21.1.2 Daemon Server] - 2025-07-07T18:34:42.280Z - Time taken for 'build-project-configs' 96.68174999998882ms
[NX v21.1.2 Daemon Server] - 2025-07-07T18:34:42.416Z - [SYNC]: collect registered sync generators
[NX v21.1.2 Daemon Server] - 2025-07-07T18:34:42.417Z - [SYNC]: project graph hash is the same, not collecting task sync generators
[NX v21.1.2 Daemon Server] - 2025-07-07T18:34:42.418Z - [SYNC]: nx.json hash is the same, not collecting global sync generators
[NX v21.1.2 Daemon Server] - 2025-07-07T18:34:42.418Z - Time taken for 'total execution time for createProjectGraph()' 139.59808300016448ms
[NX v21.1.2 Daemon Server] - 2025-07-07T18:34:43.340Z - [WATCHER]: Processing file changes in outputs
[NX v21.1.2 Daemon Server] - 2025-07-07T18:34:54.771Z - [WATCHER]: src/app/components/app-header/app-header.component.ts was modified
[NX v21.1.2 Daemon Server] - 2025-07-07T18:34:54.771Z - [WATCHER]: Processing file changes in outputs
[NX v21.1.2 Daemon Server] - 2025-07-07T18:34:55.174Z - [REQUEST]: Updated workspace context based on watched changes, recomputing project graph...
[NX v21.1.2 Daemon Server] - 2025-07-07T18:34:55.174Z - [REQUEST]: src/app/components/app-header/app-header.component.ts
[NX v21.1.2 Daemon Server] - 2025-07-07T18:34:55.174Z - [REQUEST]: 
[NX v21.1.2 Daemon Server] - 2025-07-07T18:34:55.227Z - Time taken for 'hash changed files from watcher' 1.138416999951005ms
[NX v21.1.2 Daemon Server] - 2025-07-07T18:34:55.279Z - Time taken for 'build-project-configs' 69.9958330001682ms
[NX v21.1.2 Daemon Server] - 2025-07-07T18:34:55.420Z - [SYNC]: collect registered sync generators
[NX v21.1.2 Daemon Server] - 2025-07-07T18:34:55.421Z - [SYNC]: project graph hash is the same, not collecting task sync generators
[NX v21.1.2 Daemon Server] - 2025-07-07T18:34:55.422Z - [SYNC]: nx.json hash is the same, not collecting global sync generators
[NX v21.1.2 Daemon Server] - 2025-07-07T18:34:55.422Z - Time taken for 'total execution time for createProjectGraph()' 135.14520899998024ms
[NX v21.1.2 Daemon Server] - 2025-07-07T18:36:24.593Z - [WATCHER]: Processing file changes in outputs
[NX v21.1.2 Daemon Server] - 2025-07-07T18:36:24.598Z - [WATCHER]: src/app/components/app-table/app-table.component.ts was modified
[NX v21.1.2 Daemon Server] - 2025-07-07T18:36:25.412Z - [REQUEST]: Updated workspace context based on watched changes, recomputing project graph...
[NX v21.1.2 Daemon Server] - 2025-07-07T18:36:25.412Z - [REQUEST]: src/app/components/app-table/app-table.component.ts
[NX v21.1.2 Daemon Server] - 2025-07-07T18:36:25.412Z - [REQUEST]: 
[NX v21.1.2 Daemon Server] - 2025-07-07T18:36:25.447Z - Time taken for 'hash changed files from watcher' 8.978292000014335ms
[NX v21.1.2 Daemon Server] - 2025-07-07T18:36:25.524Z - Time taken for 'build-project-configs' 83.54512499971315ms
[NX v21.1.2 Daemon Server] - 2025-07-07T18:36:25.692Z - [SYNC]: collect registered sync generators
[NX v21.1.2 Daemon Server] - 2025-07-07T18:36:25.694Z - [SYNC]: project graph hash is the same, not collecting task sync generators
[NX v21.1.2 Daemon Server] - 2025-07-07T18:36:25.694Z - [SYNC]: nx.json hash is the same, not collecting global sync generators
[NX v21.1.2 Daemon Server] - 2025-07-07T18:36:25.694Z - Time taken for 'total execution time for createProjectGraph()' 163.8344999998808ms
[NX v21.1.2 Daemon Server] - 2025-07-07T18:36:26.620Z - [WATCHER]: Processing file changes in outputs
[NX v21.1.2 Daemon Server] - 2025-07-07T18:37:27.756Z - [WATCHER]: src/app/components/app-table/app-table.component.ts was modified
[NX v21.1.2 Daemon Server] - 2025-07-07T18:37:27.757Z - [WATCHER]: Processing file changes in outputs
[NX v21.1.2 Daemon Server] - 2025-07-07T18:37:29.366Z - [REQUEST]: Updated workspace context based on watched changes, recomputing project graph...
[NX v21.1.2 Daemon Server] - 2025-07-07T18:37:29.367Z - [REQUEST]: src/app/components/app-table/app-table.component.ts
[NX v21.1.2 Daemon Server] - 2025-07-07T18:37:29.367Z - [REQUEST]: 
[NX v21.1.2 Daemon Server] - 2025-07-07T18:37:29.401Z - Time taken for 'hash changed files from watcher' 4.72662500012666ms
[NX v21.1.2 Daemon Server] - 2025-07-07T18:37:29.460Z - Time taken for 'build-project-configs' 52.709416000172496ms
[NX v21.1.2 Daemon Server] - 2025-07-07T18:37:29.529Z - [SYNC]: collect registered sync generators
[NX v21.1.2 Daemon Server] - 2025-07-07T18:37:29.530Z - [SYNC]: project graph hash is the same, not collecting task sync generators
[NX v21.1.2 Daemon Server] - 2025-07-07T18:37:29.530Z - [SYNC]: nx.json hash is the same, not collecting global sync generators
[NX v21.1.2 Daemon Server] - 2025-07-07T18:37:29.530Z - Time taken for 'total execution time for createProjectGraph()' 62.185417000204325ms
[NX v21.1.2 Daemon Server] - 2025-07-07T18:37:29.806Z - [WATCHER]: Processing file changes in outputs
[NX v21.1.2 Daemon Server] - 2025-07-07T18:37:41.074Z - [WATCHER]: src/app/components/app-table/app-table.component.ts was modified
[NX v21.1.2 Daemon Server] - 2025-07-07T18:37:41.074Z - [WATCHER]: Processing file changes in outputs
[NX v21.1.2 Daemon Server] - 2025-07-07T18:37:44.276Z - [REQUEST]: Updated workspace context based on watched changes, recomputing project graph...
[NX v21.1.2 Daemon Server] - 2025-07-07T18:37:44.276Z - [REQUEST]: src/app/components/app-table/app-table.component.ts
[NX v21.1.2 Daemon Server] - 2025-07-07T18:37:44.276Z - [REQUEST]: 
[NX v21.1.2 Daemon Server] - 2025-07-07T18:37:44.298Z - Time taken for 'hash changed files from watcher' 1.320084000006318ms
[NX v21.1.2 Daemon Server] - 2025-07-07T18:37:44.365Z - Time taken for 'build-project-configs' 55.99249999970198ms
[NX v21.1.2 Daemon Server] - 2025-07-07T18:37:44.452Z - [SYNC]: collect registered sync generators
[NX v21.1.2 Daemon Server] - 2025-07-07T18:37:44.455Z - [SYNC]: project graph hash is the same, not collecting task sync generators
[NX v21.1.2 Daemon Server] - 2025-07-07T18:37:44.456Z - [SYNC]: nx.json hash is the same, not collecting global sync generators
[NX v21.1.2 Daemon Server] - 2025-07-07T18:37:44.456Z - Time taken for 'total execution time for createProjectGraph()' 82.10854199994355ms
[NX v21.1.2 Daemon Server] - 2025-07-07T18:39:36.496Z - [WATCHER]: Processing file changes in outputs
[NX v21.1.2 Daemon Server] - 2025-07-07T18:39:36.500Z - [WATCHER]: src/app/layouts/main-layout/main-layout.component.ts was modified
[NX v21.1.2 Daemon Server] - 2025-07-07T18:39:39.024Z - [WATCHER]: Processing file changes in outputs
[NX v21.1.2 Daemon Server] - 2025-07-07T18:39:42.902Z - [REQUEST]: Updated workspace context based on watched changes, recomputing project graph...
[NX v21.1.2 Daemon Server] - 2025-07-07T18:39:42.902Z - [REQUEST]: src/app/layouts/main-layout/main-layout.component.ts
[NX v21.1.2 Daemon Server] - 2025-07-07T18:39:42.902Z - [REQUEST]: 
[NX v21.1.2 Daemon Server] - 2025-07-07T18:39:42.932Z - Time taken for 'hash changed files from watcher' 1.1353749996051192ms
[NX v21.1.2 Daemon Server] - 2025-07-07T18:39:42.964Z - Time taken for 'build-project-configs' 35.42791700037196ms
[NX v21.1.2 Daemon Server] - 2025-07-07T18:39:43.025Z - [SYNC]: collect registered sync generators
[NX v21.1.2 Daemon Server] - 2025-07-07T18:39:43.027Z - [SYNC]: project graph hash is the same, not collecting task sync generators
[NX v21.1.2 Daemon Server] - 2025-07-07T18:39:43.027Z - [SYNC]: nx.json hash is the same, not collecting global sync generators
[NX v21.1.2 Daemon Server] - 2025-07-07T18:39:43.027Z - Time taken for 'total execution time for createProjectGraph()' 50.0027499999851ms
[NX v21.1.2 Daemon Server] - 2025-07-07T18:39:55.922Z - Closed a connection. Number of open connections: 1
[NX v21.1.2 Daemon Server] - 2025-07-07T18:39:56.059Z - [REQUEST]: Responding to the client. recordOutputsHash
[NX v21.1.2 Daemon Server] - 2025-07-07T18:39:56.059Z - Done responding to the client recordOutputsHash
[NX v21.1.2 Daemon Server] - 2025-07-07T18:39:56.059Z - Handled RECORD_OUTPUTS_HASH. Handling time: 1. Response time: 0.
[NX v21.1.2 Daemon Server] - 2025-07-07T18:39:57.004Z - Closed a connection. Number of open connections: 0
[NX v21.1.2 Daemon Server] - 2025-07-07T18:44:39.237Z - Established a connection. Number of open connections: 1
[NX v21.1.2 Daemon Server] - 2025-07-07T18:44:39.247Z - Closed a connection. Number of open connections: 0
[NX v21.1.2 Daemon Server] - 2025-07-07T18:44:39.266Z - Established a connection. Number of open connections: 1
[NX v21.1.2 Daemon Server] - 2025-07-07T18:44:39.269Z - [REQUEST]: Client Request for Project Graph Received
[NX v21.1.2 Daemon Server] - 2025-07-07T18:44:39.270Z - [REQUEST]: Responding to the client. project-graph
[NX v21.1.2 Daemon Server] - 2025-07-07T18:44:39.275Z - Time taken for 'total for creating and serializing project graph' 0.8032919997349381ms
[NX v21.1.2 Daemon Server] - 2025-07-07T18:44:39.311Z - Done responding to the client project-graph
[NX v21.1.2 Daemon Server] - 2025-07-07T18:44:39.312Z - Handled REQUEST_PROJECT_GRAPH. Handling time: 1. Response time: 42.
[NX v21.1.2 Daemon Server] - 2025-07-07T18:44:39.340Z - [REQUEST]: Responding to the client. handleRunPreTasksExecution
[NX v21.1.2 Daemon Server] - 2025-07-07T18:44:39.340Z - Done responding to the client handleRunPreTasksExecution
[NX v21.1.2 Daemon Server] - 2025-07-07T18:44:39.341Z - Handled PRE_TASKS_EXECUTION. Handling time: 1. Response time: 1.
[NX v21.1.2 Daemon Server] - 2025-07-07T18:44:39.342Z - Time taken for 'preTasksExecution' 0.8085420001298189ms
[NX v21.1.2 Daemon Server] - 2025-07-07T18:44:39.714Z - [REQUEST]: Responding to the client. handleHashTasks
[NX v21.1.2 Daemon Server] - 2025-07-07T18:44:39.717Z - Done responding to the client handleHashTasks
[NX v21.1.2 Daemon Server] - 2025-07-07T18:44:39.717Z - Handled HASH_TASKS. Handling time: 117. Response time: 3.
[NX v21.1.2 Daemon Server] - 2025-07-07T18:44:40.738Z - [REQUEST]: Responding to the client. handleGetEstimatedTaskTimings
[NX v21.1.2 Daemon Server] - 2025-07-07T18:44:40.738Z - Done responding to the client handleGetEstimatedTaskTimings
[NX v21.1.2 Daemon Server] - 2025-07-07T18:44:40.738Z - Handled GET_ESTIMATED_TASK_TIMINGS. Handling time: 0. Response time: 0.
[NX v21.1.2 Daemon Server] - 2025-07-07T18:49:37.873Z - Established a connection. Number of open connections: 2
[NX v21.1.2 Daemon Server] - 2025-07-07T18:49:37.945Z - Established a connection. Number of open connections: 3
[NX v21.1.2 Daemon Server] - 2025-07-07T18:49:37.947Z - Closed a connection. Number of open connections: 2
[NX v21.1.2 Daemon Server] - 2025-07-07T18:49:37.954Z - [REQUEST]: Client Request for Project Graph Received
[NX v21.1.2 Daemon Server] - 2025-07-07T18:49:37.955Z - [REQUEST]: Responding to the client. project-graph
[NX v21.1.2 Daemon Server] - 2025-07-07T18:49:37.960Z - Time taken for 'total for creating and serializing project graph' 0.7993339998647571ms
[NX v21.1.2 Daemon Server] - 2025-07-07T18:49:38.231Z - Done responding to the client project-graph
[NX v21.1.2 Daemon Server] - 2025-07-07T18:49:38.232Z - Handled REQUEST_PROJECT_GRAPH. Handling time: 1. Response time: 277.
[NX v21.1.2 Daemon Server] - 2025-07-07T18:49:38.256Z - [REQUEST]: Responding to the client. handleRunPreTasksExecution
[NX v21.1.2 Daemon Server] - 2025-07-07T18:49:38.256Z - Done responding to the client handleRunPreTasksExecution
[NX v21.1.2 Daemon Server] - 2025-07-07T18:49:38.256Z - Handled PRE_TASKS_EXECUTION. Handling time: 0. Response time: 0.
[NX v21.1.2 Daemon Server] - 2025-07-07T18:49:38.256Z - Time taken for 'preTasksExecution' 0.2643329999409616ms
[NX v21.1.2 Daemon Server] - 2025-07-07T18:49:38.678Z - [REQUEST]: Responding to the client. handleHashTasks
[NX v21.1.2 Daemon Server] - 2025-07-07T18:49:38.690Z - Done responding to the client handleHashTasks
[NX v21.1.2 Daemon Server] - 2025-07-07T18:49:38.690Z - Handled HASH_TASKS. Handling time: 77. Response time: 12.
[NX v21.1.2 Daemon Server] - 2025-07-07T18:49:40.092Z - [REQUEST]: Responding to the client. handleGetEstimatedTaskTimings
[NX v21.1.2 Daemon Server] - 2025-07-07T18:49:40.093Z - Done responding to the client handleGetEstimatedTaskTimings
[NX v21.1.2 Daemon Server] - 2025-07-07T18:49:40.093Z - Handled GET_ESTIMATED_TASK_TIMINGS. Handling time: 0. Response time: 1.
[NX v21.1.2 Daemon Server] - 2025-07-07T18:54:37.875Z - Started listening on: /var/folders/r3/qpqr03qj2mj8p4_k5ry4rbvw0000gn/T/cb23c959873bd3a041fd/d.sock
[NX v21.1.2 Daemon Server] - 2025-07-07T18:54:37.881Z - [WATCHER]: Subscribed to changes within: /Users/kaaboeld/Documents/pets/orchestrator-library-ui (native)
[NX v21.1.2 Daemon Server] - 2025-07-07T18:54:37.887Z - Established a connection. Number of open connections: 1
[NX v21.1.2 Daemon Server] - 2025-07-07T18:54:37.888Z - Established a connection. Number of open connections: 2
[NX v21.1.2 Daemon Server] - 2025-07-07T18:54:37.893Z - Closed a connection. Number of open connections: 1
[NX v21.1.2 Daemon Server] - 2025-07-07T18:54:37.898Z - [REQUEST]: Client Request for Project Graph Received
[NX v21.1.2 Daemon Server] - 2025-07-07T18:54:37.906Z - Time taken for 'loadSpecifiedNxPlugins' 1.766917000000035ms
[NX v21.1.2 Daemon Server] - 2025-07-07T18:54:38.251Z - Time taken for 'Load Nx Plugin: /Users/kaaboeld/Documents/pets/orchestrator-library-ui/node_modules/.pnpm/nx@21.1.2_@swc-node+register@1.9.2_@swc+core@1.5.29_@swc+helpers@0.5.17__@swc+types@0.1_21b9a415ea7366ffdb2015bfdb6ee6d4/node_modules/nx/src/plugins/package-json' 350.61920899999996ms
[NX v21.1.2 Daemon Server] - 2025-07-07T18:54:38.252Z - Time taken for 'Load Nx Plugin: /Users/kaaboeld/Documents/pets/orchestrator-library-ui/node_modules/.pnpm/nx@21.1.2_@swc-node+register@1.9.2_@swc+core@1.5.29_@swc+helpers@0.5.17__@swc+types@0.1_21b9a415ea7366ffdb2015bfdb6ee6d4/node_modules/nx/src/plugins/project-json/build-nodes/project-json' 352.35654200000005ms
[NX v21.1.2 Daemon Server] - 2025-07-07T18:54:38.267Z - [REQUEST]: Updated workspace context based on watched changes, recomputing project graph...
[NX v21.1.2 Daemon Server] - 2025-07-07T18:54:38.268Z - [REQUEST]: 
[NX v21.1.2 Daemon Server] - 2025-07-07T18:54:38.268Z - [REQUEST]: 
[NX v21.1.2 Daemon Server] - 2025-07-07T18:54:38.290Z - Time taken for 'loadDefaultNxPlugins' 366.684375ms
[NX v21.1.2 Daemon Server] - 2025-07-07T18:54:39.157Z - Time taken for 'build-project-configs' 855.2284999999999ms
[NX v21.1.2 Daemon Server] - 2025-07-07T18:54:39.194Z - [SYNC]: collect registered sync generators
[NX v21.1.2 Daemon Server] - 2025-07-07T18:54:39.196Z - [REQUEST]: Responding to the client. project-graph
[NX v21.1.2 Daemon Server] - 2025-07-07T18:54:39.198Z - Time taken for 'total for creating and serializing project graph' 1298.263458ms
[NX v21.1.2 Daemon Server] - 2025-07-07T18:54:39.299Z - Done responding to the client project-graph
[NX v21.1.2 Daemon Server] - 2025-07-07T18:54:39.299Z - Handled REQUEST_PROJECT_GRAPH. Handling time: 1298. Response time: 103.
[NX v21.1.2 Daemon Server] - 2025-07-07T18:54:39.311Z - [REQUEST]: Responding to the client. handleRunPreTasksExecution
[NX v21.1.2 Daemon Server] - 2025-07-07T18:54:39.311Z - Done responding to the client handleRunPreTasksExecution
[NX v21.1.2 Daemon Server] - 2025-07-07T18:54:39.311Z - Handled PRE_TASKS_EXECUTION. Handling time: 2. Response time: 0.
[NX v21.1.2 Daemon Server] - 2025-07-07T18:54:39.311Z - Time taken for 'preTasksExecution' 1.0112079999998969ms
[NX v21.1.2 Daemon Server] - 2025-07-07T18:54:39.484Z - [REQUEST]: Responding to the client. handleHashTasks
[NX v21.1.2 Daemon Server] - 2025-07-07T18:54:39.485Z - Done responding to the client handleHashTasks
[NX v21.1.2 Daemon Server] - 2025-07-07T18:54:39.485Z - Handled HASH_TASKS. Handling time: 30. Response time: 1.
[NX v21.1.2 Daemon Server] - 2025-07-07T18:54:39.878Z - [REQUEST]: Responding to the client. handleGetEstimatedTaskTimings
[NX v21.1.2 Daemon Server] - 2025-07-07T18:54:39.878Z - Done responding to the client handleGetEstimatedTaskTimings
[NX v21.1.2 Daemon Server] - 2025-07-07T18:54:39.878Z - Handled GET_ESTIMATED_TASK_TIMINGS. Handling time: 82. Response time: 0.
[NX v21.1.2 Daemon Server] - 2025-07-07T18:54:40.771Z - Established a connection. Number of open connections: 2
[NX v21.1.2 Daemon Server] - 2025-07-07T18:54:40.772Z - Closed a connection. Number of open connections: 1
[NX v21.1.2 Daemon Server] - 2025-07-07T18:54:40.773Z - Established a connection. Number of open connections: 2
[NX v21.1.2 Daemon Server] - 2025-07-07T18:54:40.775Z - [REQUEST]: Client Request for Project Graph Received
[NX v21.1.2 Daemon Server] - 2025-07-07T18:54:40.775Z - [REQUEST]: Responding to the client. project-graph
[NX v21.1.2 Daemon Server] - 2025-07-07T18:54:40.777Z - Time taken for 'total for creating and serializing project graph' 0.1089999999999236ms
[NX v21.1.2 Daemon Server] - 2025-07-07T18:54:40.780Z - Done responding to the client project-graph
[NX v21.1.2 Daemon Server] - 2025-07-07T18:54:40.780Z - Handled REQUEST_PROJECT_GRAPH. Handling time: 0. Response time: 5.
[NX v21.1.2 Daemon Server] - 2025-07-07T18:54:45.794Z - [WATCHER]: Processing file changes in outputs
[NX v21.1.2 Daemon Server] - 2025-07-07T18:54:47.064Z - [WATCHER]: Processing file changes in outputs
[NX v21.1.2 Daemon Server] - 2025-07-07T18:54:47.116Z - [WATCHER]: Processing file changes in outputs
[NX v21.1.2 Daemon Server] - 2025-07-07T18:54:47.238Z - [WATCHER]: Processing file changes in outputs
[NX v21.1.2 Daemon Server] - 2025-07-07T18:54:50.257Z - [WATCHER]: Processing file changes in outputs
[NX v21.1.2 Daemon Server] - 2025-07-07T18:54:50.583Z - [WATCHER]: Processing file changes in outputs
[NX v21.1.2 Daemon Server] - 2025-07-07T18:56:48.820Z - [WATCHER]: src/app/layouts/main-layout/main-layout.component.ts was modified
[NX v21.1.2 Daemon Server] - 2025-07-07T18:56:48.828Z - [WATCHER]: Processing file changes in outputs
[NX v21.1.2 Daemon Server] - 2025-07-07T18:56:48.932Z - [REQUEST]: Updated workspace context based on watched changes, recomputing project graph...
[NX v21.1.2 Daemon Server] - 2025-07-07T18:56:48.933Z - [REQUEST]: src/app/layouts/main-layout/main-layout.component.ts
[NX v21.1.2 Daemon Server] - 2025-07-07T18:56:48.933Z - [REQUEST]: 
[NX v21.1.2 Daemon Server] - 2025-07-07T18:56:49.072Z - Time taken for 'hash changed files from watcher' 2.9564169999794103ms
[NX v21.1.2 Daemon Server] - 2025-07-07T18:56:49.173Z - Time taken for 'build-project-configs' 112.43087499999092ms
[NX v21.1.2 Daemon Server] - 2025-07-07T18:56:49.375Z - [SYNC]: collect registered sync generators
[NX v21.1.2 Daemon Server] - 2025-07-07T18:56:49.378Z - [SYNC]: project graph hash is the same, not collecting task sync generators
[NX v21.1.2 Daemon Server] - 2025-07-07T18:56:49.378Z - [SYNC]: nx.json hash is the same, not collecting global sync generators
[NX v21.1.2 Daemon Server] - 2025-07-07T18:56:49.378Z - Time taken for 'total execution time for createProjectGraph()' 204.75283300000592ms
[NX v21.1.2 Daemon Server] - 2025-07-07T18:56:51.806Z - [WATCHER]: Processing file changes in outputs
[NX v21.1.2 Daemon Server] - 2025-07-07T18:58:36.989Z - [WATCHER]: src/app/pages/details/details.component.ts was modified
[NX v21.1.2 Daemon Server] - 2025-07-07T18:58:36.997Z - [WATCHER]: Processing file changes in outputs
[NX v21.1.2 Daemon Server] - 2025-07-07T18:58:37.194Z - [REQUEST]: Updated workspace context based on watched changes, recomputing project graph...
[NX v21.1.2 Daemon Server] - 2025-07-07T18:58:37.195Z - [REQUEST]: src/app/pages/details/details.component.ts
[NX v21.1.2 Daemon Server] - 2025-07-07T18:58:37.195Z - [REQUEST]: 
[NX v21.1.2 Daemon Server] - 2025-07-07T18:58:37.241Z - Time taken for 'hash changed files from watcher' 1.4586249999993015ms
[NX v21.1.2 Daemon Server] - 2025-07-07T18:58:37.281Z - Time taken for 'build-project-configs' 49.068957999988925ms
[NX v21.1.2 Daemon Server] - 2025-07-07T18:58:37.363Z - [SYNC]: collect registered sync generators
[NX v21.1.2 Daemon Server] - 2025-07-07T18:58:37.365Z - [SYNC]: project graph hash is the same, not collecting task sync generators
[NX v21.1.2 Daemon Server] - 2025-07-07T18:58:37.366Z - [SYNC]: nx.json hash is the same, not collecting global sync generators
[NX v21.1.2 Daemon Server] - 2025-07-07T18:58:37.366Z - Time taken for 'total execution time for createProjectGraph()' 73.83033299999079ms
[NX v21.1.2 Daemon Server] - 2025-07-07T18:58:38.012Z - [WATCHER]: Processing file changes in outputs
[NX v21.1.2 Daemon Server] - 2025-07-07T18:58:55.326Z - [WATCHER]: src/app/pages/details/details.component.ts was modified
[NX v21.1.2 Daemon Server] - 2025-07-07T18:58:55.328Z - [WATCHER]: Processing file changes in outputs
[NX v21.1.2 Daemon Server] - 2025-07-07T18:58:55.731Z - [REQUEST]: Updated workspace context based on watched changes, recomputing project graph...
[NX v21.1.2 Daemon Server] - 2025-07-07T18:58:55.731Z - [REQUEST]: src/app/pages/details/details.component.ts
[NX v21.1.2 Daemon Server] - 2025-07-07T18:58:55.731Z - [REQUEST]: 
[NX v21.1.2 Daemon Server] - 2025-07-07T18:58:55.761Z - Time taken for 'hash changed files from watcher' 1.3550000000104774ms
[NX v21.1.2 Daemon Server] - 2025-07-07T18:58:55.840Z - Time taken for 'build-project-configs' 82.42354199997499ms
[NX v21.1.2 Daemon Server] - 2025-07-07T18:58:55.957Z - [SYNC]: collect registered sync generators
[NX v21.1.2 Daemon Server] - 2025-07-07T18:58:55.959Z - [SYNC]: project graph hash is the same, not collecting task sync generators
[NX v21.1.2 Daemon Server] - 2025-07-07T18:58:55.959Z - [SYNC]: nx.json hash is the same, not collecting global sync generators
[NX v21.1.2 Daemon Server] - 2025-07-07T18:58:55.959Z - Time taken for 'total execution time for createProjectGraph()' 105.27179100000649ms
[NX v21.1.2 Daemon Server] - 2025-07-07T18:58:56.445Z - [WATCHER]: Processing file changes in outputs
[NX v21.1.2 Daemon Server] - 2025-07-07T18:59:39.605Z - [WATCHER]: src/styles.css was modified
[NX v21.1.2 Daemon Server] - 2025-07-07T18:59:39.605Z - [WATCHER]: Processing file changes in outputs
[NX v21.1.2 Daemon Server] - 2025-07-07T18:59:40.408Z - [REQUEST]: Updated workspace context based on watched changes, recomputing project graph...
[NX v21.1.2 Daemon Server] - 2025-07-07T18:59:40.408Z - [REQUEST]: src/styles.css
[NX v21.1.2 Daemon Server] - 2025-07-07T18:59:40.409Z - [REQUEST]: 
[NX v21.1.2 Daemon Server] - 2025-07-07T18:59:40.433Z - Time taken for 'hash changed files from watcher' 1.6092920000082813ms
[NX v21.1.2 Daemon Server] - 2025-07-07T18:59:40.486Z - Time taken for 'build-project-configs' 56.02795800002059ms
[NX v21.1.2 Daemon Server] - 2025-07-07T18:59:40.571Z - [SYNC]: collect registered sync generators
[NX v21.1.2 Daemon Server] - 2025-07-07T18:59:40.573Z - [SYNC]: project graph hash is the same, not collecting task sync generators
[NX v21.1.2 Daemon Server] - 2025-07-07T18:59:40.573Z - [SYNC]: nx.json hash is the same, not collecting global sync generators
[NX v21.1.2 Daemon Server] - 2025-07-07T18:59:40.573Z - Time taken for 'total execution time for createProjectGraph()' 71.5611660000286ms
[NX v21.1.2 Daemon Server] - 2025-07-07T18:59:50.917Z - [REQUEST]: Responding to the client. recordOutputsHash
[NX v21.1.2 Daemon Server] - 2025-07-07T18:59:50.917Z - Done responding to the client recordOutputsHash
[NX v21.1.2 Daemon Server] - 2025-07-07T18:59:50.917Z - Handled RECORD_OUTPUTS_HASH. Handling time: 1. Response time: 0.
[NX v21.1.2 Daemon Server] - 2025-07-07T18:59:51.035Z - Closed a connection. Number of open connections: 1
[NX v21.1.2 Daemon Server] - 2025-07-07T18:59:51.379Z - [REQUEST]: Responding to the client. PROCESS_IN_BACKGROUND
[NX v21.1.2 Daemon Server] - 2025-07-07T18:59:51.379Z - Done responding to the client PROCESS_IN_BACKGROUND
[NX v21.1.2 Daemon Server] - 2025-07-07T18:59:51.379Z - Handled PROCESS_IN_BACKGROUND. Handling time: 283. Response time: 0.
[NX v21.1.2 Daemon Server] - 2025-07-07T18:59:51.382Z - Uploading file artifacts
[NX v21.1.2 Daemon Server] - 2025-07-07T18:59:51.383Z - Done uploading file artifacts
[NX v21.1.2 Daemon Server] - 2025-07-07T18:59:51.383Z - Sending EndRun request
(node:1029) [DEP0169] DeprecationWarning: `url.parse()` behavior is not standardized and prone to errors that have security implications. Use the WHATWG URL API instead. CVEs are not issued for `url.parse()` vulnerabilities.
(Use `node --trace-deprecation ...` to show where the warning was created)
[NX v21.1.2 Daemon Server] - 2025-07-07T18:59:51.687Z - Error when sending EndRun
Error: This workspace is more than three days old and is not connected. Workspaces must be connected within 3 days of creation. Claim your workspace at https://cloud.nx.app
    at Timeout._onTimeout (/Users/kaaboeld/Documents/pets/orchestrator-library-ui/.nx/cache/cloud/2507.03.4/lib/daemon/process-run-end.js:1:883158)
    at process.processTicksAndRejections (node:internal/process/task_queues:105:5)
[NX v21.1.2 Daemon Server] - 2025-07-07T18:59:52.064Z - Closed a connection. Number of open connections: 0
[NX v21.1.2 Daemon Server] - 2025-07-07T18:59:56.929Z - Established a connection. Number of open connections: 1
[NX v21.1.2 Daemon Server] - 2025-07-07T18:59:56.937Z - Closed a connection. Number of open connections: 0
[NX v21.1.2 Daemon Server] - 2025-07-07T18:59:56.939Z - Established a connection. Number of open connections: 1
[NX v21.1.2 Daemon Server] - 2025-07-07T18:59:56.945Z - [REQUEST]: Client Request for Project Graph Received
[NX v21.1.2 Daemon Server] - 2025-07-07T18:59:56.946Z - [REQUEST]: Responding to the client. project-graph
[NX v21.1.2 Daemon Server] - 2025-07-07T18:59:56.950Z - Time taken for 'total for creating and serializing project graph' 0.7014170000329614ms
[NX v21.1.2 Daemon Server] - 2025-07-07T18:59:56.965Z - Done responding to the client project-graph
[NX v21.1.2 Daemon Server] - 2025-07-07T18:59:56.965Z - Handled REQUEST_PROJECT_GRAPH. Handling time: 1. Response time: 19.
[NX v21.1.2 Daemon Server] - 2025-07-07T18:59:56.978Z - [REQUEST]: Responding to the client. handleRunPreTasksExecution
[NX v21.1.2 Daemon Server] - 2025-07-07T18:59:56.978Z - Done responding to the client handleRunPreTasksExecution
[NX v21.1.2 Daemon Server] - 2025-07-07T18:59:56.978Z - Handled PRE_TASKS_EXECUTION. Handling time: 1. Response time: 0.
[NX v21.1.2 Daemon Server] - 2025-07-07T18:59:56.978Z - Time taken for 'preTasksExecution' 0.12062499998137355ms
[NX v21.1.2 Daemon Server] - 2025-07-07T18:59:57.175Z - [REQUEST]: Responding to the client. handleHashTasks
[NX v21.1.2 Daemon Server] - 2025-07-07T18:59:57.180Z - Done responding to the client handleHashTasks
[NX v21.1.2 Daemon Server] - 2025-07-07T18:59:57.180Z - Handled HASH_TASKS. Handling time: 33. Response time: 5.
[NX v21.1.2 Daemon Server] - 2025-07-07T18:59:57.663Z - [REQUEST]: Responding to the client. handleGetEstimatedTaskTimings
[NX v21.1.2 Daemon Server] - 2025-07-07T18:59:57.663Z - Done responding to the client handleGetEstimatedTaskTimings
[NX v21.1.2 Daemon Server] - 2025-07-07T18:59:57.663Z - Handled GET_ESTIMATED_TASK_TIMINGS. Handling time: 1. Response time: 0.
[NX v21.1.2 Daemon Server] - 2025-07-07T18:59:59.625Z - Established a connection. Number of open connections: 2
[NX v21.1.2 Daemon Server] - 2025-07-07T18:59:59.629Z - Closed a connection. Number of open connections: 1
[NX v21.1.2 Daemon Server] - 2025-07-07T18:59:59.631Z - Established a connection. Number of open connections: 2
[NX v21.1.2 Daemon Server] - 2025-07-07T18:59:59.636Z - [REQUEST]: Client Request for Project Graph Received
[NX v21.1.2 Daemon Server] - 2025-07-07T18:59:59.637Z - [REQUEST]: Responding to the client. project-graph
[NX v21.1.2 Daemon Server] - 2025-07-07T18:59:59.642Z - Time taken for 'total for creating and serializing project graph' 0.5184160000062548ms
[NX v21.1.2 Daemon Server] - 2025-07-07T18:59:59.659Z - Done responding to the client project-graph
[NX v21.1.2 Daemon Server] - 2025-07-07T18:59:59.660Z - Handled REQUEST_PROJECT_GRAPH. Handling time: 1. Response time: 23.
[NX v21.1.2 Daemon Server] - 2025-07-07T19:00:14.199Z - [WATCHER]: Processing file changes in outputs
[NX v21.1.2 Daemon Server] - 2025-07-07T19:01:07.789Z - [WATCHER]: Processing file changes in outputs
[NX v21.1.2 Daemon Server] - 2025-07-07T19:01:40.655Z - [REQUEST]: Responding to the client. recordOutputsHash
[NX v21.1.2 Daemon Server] - 2025-07-07T19:01:40.655Z - Done responding to the client recordOutputsHash
[NX v21.1.2 Daemon Server] - 2025-07-07T19:01:40.655Z - Handled RECORD_OUTPUTS_HASH. Handling time: 0. Response time: 0.
[NX v21.1.2 Daemon Server] - 2025-07-07T19:01:40.811Z - Closed a connection. Number of open connections: 1
[NX v21.1.2 Daemon Server] - 2025-07-07T19:01:41.054Z - [REQUEST]: Responding to the client. PROCESS_IN_BACKGROUND
[NX v21.1.2 Daemon Server] - 2025-07-07T19:01:41.055Z - Done responding to the client PROCESS_IN_BACKGROUND
[NX v21.1.2 Daemon Server] - 2025-07-07T19:01:41.055Z - Handled PROCESS_IN_BACKGROUND. Handling time: 103. Response time: 1.
[NX v21.1.2 Daemon Server] - 2025-07-07T19:01:41.055Z - Uploading file artifacts
[NX v21.1.2 Daemon Server] - 2025-07-07T19:01:41.055Z - Done uploading file artifacts
[NX v21.1.2 Daemon Server] - 2025-07-07T19:01:41.055Z - Sending EndRun request
[NX v21.1.2 Daemon Server] - 2025-07-07T19:01:41.213Z - Error when sending EndRun
Error: This workspace is more than three days old and is not connected. Workspaces must be connected within 3 days of creation. Claim your workspace at https://cloud.nx.app
    at Timeout._onTimeout (/Users/kaaboeld/Documents/pets/orchestrator-library-ui/.nx/cache/cloud/2507.03.4/lib/daemon/process-run-end.js:1:883158)
    at process.processTicksAndRejections (node:internal/process/task_queues:105:5)
[NX v21.1.2 Daemon Server] - 2025-07-07T19:01:43.564Z - Closed a connection. Number of open connections: 0
[NX v21.1.2 Daemon Server] - 2025-07-07T19:02:02.215Z - Established a connection. Number of open connections: 1
[NX v21.1.2 Daemon Server] - 2025-07-07T19:02:02.223Z - Closed a connection. Number of open connections: 0
[NX v21.1.2 Daemon Server] - 2025-07-07T19:02:02.225Z - Established a connection. Number of open connections: 1
[NX v21.1.2 Daemon Server] - 2025-07-07T19:02:02.231Z - [REQUEST]: Client Request for Project Graph Received
[NX v21.1.2 Daemon Server] - 2025-07-07T19:02:02.232Z - [REQUEST]: Responding to the client. project-graph
[NX v21.1.2 Daemon Server] - 2025-07-07T19:02:02.236Z - Time taken for 'total for creating and serializing project graph' 0.7384159999783151ms
[NX v21.1.2 Daemon Server] - 2025-07-07T19:02:02.248Z - Done responding to the client project-graph
[NX v21.1.2 Daemon Server] - 2025-07-07T19:02:02.248Z - Handled REQUEST_PROJECT_GRAPH. Handling time: 1. Response time: 16.
[NX v21.1.2 Daemon Server] - 2025-07-07T19:02:02.262Z - [REQUEST]: Responding to the client. handleRunPreTasksExecution
[NX v21.1.2 Daemon Server] - 2025-07-07T19:02:02.262Z - Done responding to the client handleRunPreTasksExecution
[NX v21.1.2 Daemon Server] - 2025-07-07T19:02:02.262Z - Handled PRE_TASKS_EXECUTION. Handling time: 0. Response time: 0.
[NX v21.1.2 Daemon Server] - 2025-07-07T19:02:02.262Z - Time taken for 'preTasksExecution' 0.19966700003715232ms
[NX v21.1.2 Daemon Server] - 2025-07-07T19:02:02.472Z - [REQUEST]: Responding to the client. handleHashTasks
[NX v21.1.2 Daemon Server] - 2025-07-07T19:02:02.473Z - Done responding to the client handleHashTasks
[NX v21.1.2 Daemon Server] - 2025-07-07T19:02:02.473Z - Handled HASH_TASKS. Handling time: 38. Response time: 1.
[NX v21.1.2 Daemon Server] - 2025-07-07T19:02:03.222Z - [REQUEST]: Responding to the client. handleGetEstimatedTaskTimings
[NX v21.1.2 Daemon Server] - 2025-07-07T19:02:03.222Z - Done responding to the client handleGetEstimatedTaskTimings
[NX v21.1.2 Daemon Server] - 2025-07-07T19:02:03.222Z - Handled GET_ESTIMATED_TASK_TIMINGS. Handling time: 0. Response time: 1.
[NX v21.1.2 Daemon Server] - 2025-07-07T19:02:05.246Z - Established a connection. Number of open connections: 2
[NX v21.1.2 Daemon Server] - 2025-07-07T19:02:05.249Z - Closed a connection. Number of open connections: 1
[NX v21.1.2 Daemon Server] - 2025-07-07T19:02:05.250Z - Established a connection. Number of open connections: 2
[NX v21.1.2 Daemon Server] - 2025-07-07T19:02:05.254Z - [REQUEST]: Client Request for Project Graph Received
[NX v21.1.2 Daemon Server] - 2025-07-07T19:02:05.254Z - [REQUEST]: Responding to the client. project-graph
[NX v21.1.2 Daemon Server] - 2025-07-07T19:02:05.259Z - Time taken for 'total for creating and serializing project graph' 0.3084999999846332ms
[NX v21.1.2 Daemon Server] - 2025-07-07T19:02:05.267Z - Done responding to the client project-graph
[NX v21.1.2 Daemon Server] - 2025-07-07T19:02:05.267Z - Handled REQUEST_PROJECT_GRAPH. Handling time: 0. Response time: 13.
[NX v21.1.2 Daemon Server] - 2025-07-07T19:02:14.851Z - [WATCHER]: Processing file changes in outputs
[NX v21.1.2 Daemon Server] - 2025-07-07T19:03:59.551Z - [WATCHER]: project.json was modified
[NX v21.1.2 Daemon Server] - 2025-07-07T19:03:59.558Z - [WATCHER]: Processing file changes in outputs
[NX v21.1.2 Daemon Server] - 2025-07-07T19:03:59.660Z - [REQUEST]: Updated workspace context based on watched changes, recomputing project graph...
[NX v21.1.2 Daemon Server] - 2025-07-07T19:03:59.661Z - [REQUEST]: project.json
[NX v21.1.2 Daemon Server] - 2025-07-07T19:03:59.661Z - [REQUEST]: 
[NX v21.1.2 Daemon Server] - 2025-07-07T19:03:59.682Z - Time taken for 'hash changed files from watcher' 1.9703330000629649ms
[NX v21.1.2 Daemon Server] - 2025-07-07T19:03:59.735Z - Time taken for 'build-project-configs' 46.794333999976516ms
[NX v21.1.2 Daemon Server] - 2025-07-07T19:03:59.804Z - [SYNC]: collect registered sync generators
[NX v21.1.2 Daemon Server] - 2025-07-07T19:03:59.806Z - [SYNC]: nx.json hash is the same, not collecting global sync generators
[NX v21.1.2 Daemon Server] - 2025-07-07T19:03:59.806Z - Time taken for 'total execution time for createProjectGraph()' 72.59112499991897ms
[NX v21.1.2 Daemon Server] - 2025-07-07T19:04:05.481Z - [REQUEST]: Responding to the client. recordOutputsHash
[NX v21.1.2 Daemon Server] - 2025-07-07T19:04:05.481Z - Done responding to the client recordOutputsHash
[NX v21.1.2 Daemon Server] - 2025-07-07T19:04:05.481Z - Handled RECORD_OUTPUTS_HASH. Handling time: 1. Response time: 0.
[NX v21.1.2 Daemon Server] - 2025-07-07T19:04:05.598Z - Closed a connection. Number of open connections: 1
[NX v21.1.2 Daemon Server] - 2025-07-07T19:04:05.642Z - [WATCHER]: Processing file changes in outputs
[NX v21.1.2 Daemon Server] - 2025-07-07T19:04:05.744Z - [REQUEST]: Responding to the client. PROCESS_IN_BACKGROUND
[NX v21.1.2 Daemon Server] - 2025-07-07T19:04:05.744Z - Done responding to the client PROCESS_IN_BACKGROUND
[NX v21.1.2 Daemon Server] - 2025-07-07T19:04:05.744Z - Handled PROCESS_IN_BACKGROUND. Handling time: 88. Response time: 0.
[NX v21.1.2 Daemon Server] - 2025-07-07T19:04:05.744Z - Uploading file artifacts
[NX v21.1.2 Daemon Server] - 2025-07-07T19:04:05.744Z - Done uploading file artifacts
[NX v21.1.2 Daemon Server] - 2025-07-07T19:04:05.744Z - Sending EndRun request
[NX v21.1.2 Daemon Server] - 2025-07-07T19:04:05.901Z - Error when sending EndRun
Error: This workspace is more than three days old and is not connected. Workspaces must be connected within 3 days of creation. Claim your workspace at https://cloud.nx.app
    at Timeout._onTimeout (/Users/kaaboeld/Documents/pets/orchestrator-library-ui/.nx/cache/cloud/2507.03.4/lib/daemon/process-run-end.js:1:883158)
    at process.processTicksAndRejections (node:internal/process/task_queues:105:5)
[NX v21.1.2 Daemon Server] - 2025-07-07T19:04:07.275Z - [REQUEST]: Responding to the client. handleRunPostTasksExecution
[NX v21.1.2 Daemon Server] - 2025-07-07T19:04:07.275Z - Done responding to the client handleRunPostTasksExecution
[NX v21.1.2 Daemon Server] - 2025-07-07T19:04:07.275Z - Handled POST_TASKS_EXECUTION. Handling time: 1. Response time: 0.
[NX v21.1.2 Daemon Server] - 2025-07-07T19:04:07.275Z - Time taken for 'postTasksExecution' 0.22695899999234825ms
[NX v21.1.2 Daemon Server] - 2025-07-07T19:04:07.290Z - Closed a connection. Number of open connections: 0
[NX v21.1.2 Daemon Server] - 2025-07-07T19:04:12.346Z - Established a connection. Number of open connections: 1
[NX v21.1.2 Daemon Server] - 2025-07-07T19:04:12.352Z - Closed a connection. Number of open connections: 0
[NX v21.1.2 Daemon Server] - 2025-07-07T19:04:12.353Z - Established a connection. Number of open connections: 1
[NX v21.1.2 Daemon Server] - 2025-07-07T19:04:12.358Z - [REQUEST]: Client Request for Project Graph Received
[NX v21.1.2 Daemon Server] - 2025-07-07T19:04:12.358Z - [REQUEST]: Responding to the client. project-graph
[NX v21.1.2 Daemon Server] - 2025-07-07T19:04:12.361Z - Time taken for 'total for creating and serializing project graph' 0.451958000077866ms
[NX v21.1.2 Daemon Server] - 2025-07-07T19:04:12.375Z - Done responding to the client project-graph
[NX v21.1.2 Daemon Server] - 2025-07-07T19:04:12.375Z - Handled REQUEST_PROJECT_GRAPH. Handling time: 0. Response time: 17.
[NX v21.1.2 Daemon Server] - 2025-07-07T19:04:12.388Z - [REQUEST]: Responding to the client. handleRunPreTasksExecution
[NX v21.1.2 Daemon Server] - 2025-07-07T19:04:12.388Z - Done responding to the client handleRunPreTasksExecution
[NX v21.1.2 Daemon Server] - 2025-07-07T19:04:12.388Z - Handled PRE_TASKS_EXECUTION. Handling time: 0. Response time: 0.
[NX v21.1.2 Daemon Server] - 2025-07-07T19:04:12.388Z - Time taken for 'preTasksExecution' 0.15100000007078052ms
[NX v21.1.2 Daemon Server] - 2025-07-07T19:04:12.567Z - [REQUEST]: Responding to the client. handleHashTasks
[NX v21.1.2 Daemon Server] - 2025-07-07T19:04:12.569Z - Done responding to the client handleHashTasks
[NX v21.1.2 Daemon Server] - 2025-07-07T19:04:12.569Z - Handled HASH_TASKS. Handling time: 28. Response time: 2.
[NX v21.1.2 Daemon Server] - 2025-07-07T19:04:12.989Z - [REQUEST]: Responding to the client. handleGetEstimatedTaskTimings
[NX v21.1.2 Daemon Server] - 2025-07-07T19:04:12.989Z - Done responding to the client handleGetEstimatedTaskTimings
[NX v21.1.2 Daemon Server] - 2025-07-07T19:04:12.989Z - Handled GET_ESTIMATED_TASK_TIMINGS. Handling time: 2. Response time: 0.
[NX v21.1.2 Daemon Server] - 2025-07-07T19:04:14.738Z - Established a connection. Number of open connections: 2
[NX v21.1.2 Daemon Server] - 2025-07-07T19:04:14.744Z - Closed a connection. Number of open connections: 1
[NX v21.1.2 Daemon Server] - 2025-07-07T19:04:14.745Z - Established a connection. Number of open connections: 2
[NX v21.1.2 Daemon Server] - 2025-07-07T19:04:14.749Z - [REQUEST]: Client Request for Project Graph Received
[NX v21.1.2 Daemon Server] - 2025-07-07T19:04:14.750Z - [REQUEST]: Responding to the client. project-graph
[NX v21.1.2 Daemon Server] - 2025-07-07T19:04:14.755Z - Time taken for 'total for creating and serializing project graph' 0.6609169999137521ms
[NX v21.1.2 Daemon Server] - 2025-07-07T19:04:14.763Z - Done responding to the client project-graph
[NX v21.1.2 Daemon Server] - 2025-07-07T19:04:14.763Z - Handled REQUEST_PROJECT_GRAPH. Handling time: 1. Response time: 13.
[NX v21.1.2 Daemon Server] - 2025-07-07T19:04:23.239Z - [WATCHER]: Processing file changes in outputs
